INFO:root:Current Dist '1' : 'A' -> 'C'
INFO:root:Current Dist '1' : 'A' -> 'B'
INFO:root:Current Dist '2' : 'A' -> 'C'
INFO:root:Current Dist '1' : 'B' -> 'C'
INFO:root:Current Dist '1' : 'A' -> 'C'
INFO:root:Current Dist '2' : 'A' -> 'B'
INFO:root:Current Dist '1' : 'C' -> 'B'
INFO:root:Current Dist '3' : 'A' -> 'C'
INFO:root:Current Dist '1' : 'B' -> 'A'
INFO:root:Current Dist '2' : 'B' -> 'C'
INFO:root:Current Dist '1' : 'A' -> 'C'
INFO:root:Current Dist '1' : 'A' -> 'B'
INFO:root:Current Dist '2' : 'A' -> 'C'
INFO:root:Current Dist '1' : 'B' -> 'C'
INFO:root:Current Dist '3' : 'A' -> 'B'
INFO:root:Current Dist '1' : 'C' -> 'A'
INFO:root:Current Dist '2' : 'C' -> 'B'
INFO:root:Current Dist '1' : 'A' -> 'B'
INFO:root:Current Dist '4' : 'A' -> 'C'
INFO:root:Current Dist '1' : 'B' -> 'C'
INFO:root:Current Dist '2' : 'B' -> 'A'
INFO:root:Current Dist '1' : 'C' -> 'A'
INFO:root:Current Dist '3' : 'B' -> 'C'
INFO:root:Current Dist '1' : 'A' -> 'B'
INFO:root:Current Dist '2' : 'A' -> 'C'
INFO:root:Current Dist '1' : 'B' -> 'C'
INFO:root:Current Dist '1' : 'A' -> 'C'
INFO:root:Current Dist '2' : 'A' -> 'B'
INFO:root:Current Dist '1' : 'C' -> 'B'
INFO:root:Current Dist '3' : 'A' -> 'C'
INFO:root:Current Dist '1' : 'B' -> 'A'
INFO:root:Current Dist '2' : 'B' -> 'C'
INFO:root:Current Dist '1' : 'A' -> 'C'
INFO:root:Current Dist '4' : 'A' -> 'B'
INFO:root:Current Dist '1' : 'C' -> 'B'
INFO:root:Current Dist '2' : 'C' -> 'A'
INFO:root:Current Dist '1' : 'B' -> 'A'
INFO:root:Current Dist '3' : 'C' -> 'B'
INFO:root:Current Dist '1' : 'A' -> 'C'
INFO:root:Current Dist '2' : 'A' -> 'B'
INFO:root:Current Dist '1' : 'C' -> 'B'
INFO:root:Current Dist '5' : 'A' -> 'C'
INFO:root:Current Dist '1' : 'B' -> 'A'
INFO:root:Current Dist '2' : 'B' -> 'C'
INFO:root:Current Dist '1' : 'A' -> 'C'
INFO:root:Current Dist '3' : 'B' -> 'A'
INFO:root:Current Dist '1' : 'C' -> 'B'
INFO:root:Current Dist '2' : 'C' -> 'A'
INFO:root:Current Dist '1' : 'B' -> 'A'
INFO:root:Current Dist '4' : 'B' -> 'C'
INFO:root:Current Dist '1' : 'A' -> 'C'
INFO:root:Current Dist '2' : 'A' -> 'B'
INFO:root:Current Dist '1' : 'C' -> 'B'
INFO:root:Current Dist '3' : 'A' -> 'C'
INFO:root:Current Dist '1' : 'B' -> 'A'
INFO:root:Current Dist '2' : 'B' -> 'C'
INFO:root:Current Dist '1' : 'A' -> 'C'
